# JRE version: Java(TM) SE Runtime Environment (8.0_201-b09) (build 1.8.0_201-b09)
# Java VM: Java HotSpot(TM) 64-Bit Server VM (25.201-b09 mixed mode windows-amd64 compressed oops)
Heap:
 PSYoungGen      total 76288K, used 8310K [0x00000000f5580000, 0x00000000faa80000, 0x0000000100000000)
  eden space 65536K, 5% used [0x00000000f5580000,0x00000000f58c2170,0x00000000f9580000)
  from space 10752K, 46% used [0x00000000fa000000,0x00000000fa4db948,0x00000000faa80000)
  to   space 10752K, 0% used [0x00000000f9580000,0x00000000f9580000,0x00000000fa000000)
 ParOldGen       total 119296K, used 9998K [0x00000000e0000000, 0x00000000e7480000, 0x00000000f5580000)
  object space 119296K, 8% used [0x00000000e0000000,0x00000000e09c3b48,0x00000000e7480000)
 Metaspace       used 30302K, capacity 31463K, committed 31616K, reserved 1077248K
  class space    used 3916K, capacity 4184K, committed 4224K, reserved 1048576K
GC Heap History (10 events):
Event: 2.211 GC heap before
{Heap before GC invocations=1 (full 0):
 PSYoungGen      total 76288K, used 65536K [0x00000000f5580000, 0x00000000faa80000, 0x0000000100000000)
  eden space 65536K, 100% used [0x00000000f5580000,0x00000000f9580000,0x00000000f9580000)
  from space 10752K, 0% used [0x00000000fa000000,0x00000000fa000000,0x00000000faa80000)
  to   space 10752K, 0% used [0x00000000f9580000,0x00000000f9580000,0x00000000fa000000)
 ParOldGen       total 175104K, used 0K [0x00000000e0000000, 0x00000000eab00000, 0x00000000f5580000)
  object space 175104K, 0% used [0x00000000e0000000,0x00000000e0000000,0x00000000eab00000)
 Metaspace       used 13378K, capacity 13644K, committed 13824K, reserved 1060864K
  class space    used 1602K, capacity 1684K, committed 1792K, reserved 1048576K
Event: 2.218 GC heap after
Heap after GC invocations=1 (full 0):
 PSYoungGen      total 76288K, used 8438K [0x00000000f5580000, 0x00000000faa80000, 0x0000000100000000)
  eden space 65536K, 0% used [0x00000000f5580000,0x00000000f5580000,0x00000000f9580000)
  from space 10752K, 78% used [0x00000000f9580000,0x00000000f9dbd8a0,0x00000000fa000000)
  to   space 10752K, 0% used [0x00000000fa000000,0x00000000fa000000,0x00000000faa80000)
 ParOldGen       total 175104K, used 16K [0x00000000e0000000, 0x00000000eab00000, 0x00000000f5580000)
  object space 175104K, 0% used [0x00000000e0000000,0x00000000e0004000,0x00000000eab00000)
 Metaspace       used 13378K, capacity 13644K, committed 13824K, reserved 1060864K
  class space    used 1602K, capacity 1684K, committed 1792K, reserved 1048576K
}
Event: 4.297 GC heap before
{Heap before GC invocations=2 (full 0):
 PSYoungGen      total 76288K, used 66743K [0x00000000f5580000, 0x00000000faa80000, 0x0000000100000000)
  eden space 65536K, 88% used [0x00000000f5580000,0x00000000f8e70408,0x00000000f9580000)
  from space 10752K, 78% used [0x00000000f9580000,0x00000000f9dbd8a0,0x00000000fa000000)
  to   space 10752K, 0% used [0x00000000fa000000,0x00000000fa000000,0x00000000faa80000)
 ParOldGen       total 175104K, used 16K [0x00000000e0000000, 0x00000000eab00000, 0x00000000f5580000)
  object space 175104K, 0% used [0x00000000e0000000,0x00000000e0004000,0x00000000eab00000)
 Metaspace       used 20599K, capacity 21210K, committed 21296K, reserved 1069056K
  class space    used 2569K, capacity 2749K, committed 2816K, reserved 1048576K
Event: 4.305 GC heap after
Heap after GC invocations=2 (full 0):
 PSYoungGen      total 76288K, used 10334K [0x00000000f5580000, 0x00000000faa80000, 0x0000000100000000)
  eden space 65536K, 0% used [0x00000000f5580000,0x00000000f5580000,0x00000000f9580000)
  from space 10752K, 96% used [0x00000000fa000000,0x00000000faa17870,0x00000000faa80000)
  to   space 10752K, 0% used [0x00000000f9580000,0x00000000f9580000,0x00000000fa000000)
 ParOldGen       total 175104K, used 32K [0x00000000e0000000, 0x00000000eab00000, 0x00000000f5580000)
  object space 175104K, 0% used [0x00000000e0000000,0x00000000e0008000,0x00000000eab00000)
 Metaspace       used 20599K, capacity 21210K, committed 21296K, reserved 1069056K
  class space    used 2569K, capacity 2749K, committed 2816K, reserved 1048576K
}
Event: 4.306 GC heap before
{Heap before GC invocations=3 (full 1):
 PSYoungGen      total 76288K, used 10334K [0x00000000f5580000, 0x00000000faa80000, 0x0000000100000000)
  eden space 65536K, 0% used [0x00000000f5580000,0x00000000f5580000,0x00000000f9580000)
  from space 10752K, 96% used [0x00000000fa000000,0x00000000faa17870,0x00000000faa80000)
  to   space 10752K, 0% used [0x00000000f9580000,0x00000000f9580000,0x00000000fa000000)
 ParOldGen       total 175104K, used 32K [0x00000000e0000000, 0x00000000eab00000, 0x00000000f5580000)
  object space 175104K, 0% used [0x00000000e0000000,0x00000000e0008000,0x00000000eab00000)
 Metaspace       used 20599K, capacity 21210K, committed 21296K, reserved 1069056K
  class space    used 2569K, capacity 2749K, committed 2816K, reserved 1048576K
Event: 4.335 GC heap after
Heap after GC invocations=3 (full 1):
 PSYoungGen      total 76288K, used 0K [0x00000000f5580000, 0x00000000faa80000, 0x0000000100000000)
  eden space 65536K, 0% used [0x00000000f5580000,0x00000000f5580000,0x00000000f9580000)
  from space 10752K, 0% used [0x00000000fa000000,0x00000000fa000000,0x00000000faa80000)
  to   space 10752K, 0% used [0x00000000f9580000,0x00000000f9580000,0x00000000fa000000)
 ParOldGen       total 119296K, used 9982K [0x00000000e0000000, 0x00000000e7480000, 0x00000000f5580000)
  object space 119296K, 8% used [0x00000000e0000000,0x00000000e09bfb48,0x00000000e7480000)
 Metaspace       used 20599K, capacity 21210K, committed 21296K, reserved 1069056K
  class space    used 2569K, capacity 2749K, committed 2816K, reserved 1048576K
}
Event: 16.143 GC heap before
{Heap before GC invocations=4 (full 1):
 PSYoungGen      total 76288K, used 57102K [0x00000000f5580000, 0x00000000faa80000, 0x0000000100000000)
  eden space 65536K, 87% used [0x00000000f5580000,0x00000000f8d43b28,0x00000000f9580000)
  from space 10752K, 0% used [0x00000000fa000000,0x00000000fa000000,0x00000000faa80000)
  to   space 10752K, 0% used [0x00000000f9580000,0x00000000f9580000,0x00000000fa000000)
 ParOldGen       total 119296K, used 9982K [0x00000000e0000000, 0x00000000e7480000, 0x00000000f5580000)
  object space 119296K, 8% used [0x00000000e0000000,0x00000000e09bfb48,0x00000000e7480000)
 Metaspace       used 26996K, capacity 27998K, committed 28032K, reserved 1073152K
  class space    used 3438K, capacity 3685K, committed 3712K, reserved 1048576K
Event: 16.147 GC heap after
Heap after GC invocations=4 (full 1):
 PSYoungGen      total 76288K, used 4177K [0x00000000f5580000, 0x00000000faa80000, 0x0000000100000000)
  eden space 65536K, 0% used [0x00000000f5580000,0x00000000f5580000,0x00000000f9580000)
  from space 10752K, 38% used [0x00000000f9580000,0x00000000f99947c8,0x00000000fa000000)
  to   space 10752K, 0% used [0x00000000fa000000,0x00000000fa000000,0x00000000faa80000)
 ParOldGen       total 119296K, used 9990K [0x00000000e0000000, 0x00000000e7480000, 0x00000000f5580000)
  object space 119296K, 8% used [0x00000000e0000000,0x00000000e09c1b48,0x00000000e7480000)
 Metaspace       used 26996K, capacity 27998K, committed 28032K, reserved 1073152K
  class space    used 3438K, capacity 3685K, committed 3712K, reserved 1048576K
}
Event: 19.928 GC heap before
{Heap before GC invocations=5 (full 1):
 PSYoungGen      total 76288K, used 69713K [0x00000000f5580000, 0x00000000faa80000, 0x0000000100000000)
  eden space 65536K, 100% used [0x00000000f5580000,0x00000000f9580000,0x00000000f9580000)
  from space 10752K, 38% used [0x00000000f9580000,0x00000000f99947c8,0x00000000fa000000)
  to   space 10752K, 0% used [0x00000000fa000000,0x00000000fa000000,0x00000000faa80000)
 ParOldGen       total 119296K, used 9990K [0x00000000e0000000, 0x00000000e7480000, 0x00000000f5580000)
  object space 119296K, 8% used [0x00000000e0000000,0x00000000e09c1b48,0x00000000e7480000)
 Metaspace       used 30281K, capacity 31399K, committed 31616K, reserved 1077248K
  class space    used 3914K, capacity 4184K, committed 4224K, reserved 1048576K
Event: 19.934 GC heap after
Heap after GC invocations=5 (full 1):
 PSYoungGen      total 76288K, used 4974K [0x00000000f5580000, 0x00000000faa80000, 0x0000000100000000)
  eden space 65536K, 0% used [0x00000000f5580000,0x00000000f5580000,0x00000000f9580000)
  from space 10752K, 46% used [0x00000000fa000000,0x00000000fa4db948,0x00000000faa80000)
  to   space 10752K, 0% used [0x00000000f9580000,0x00000000f9580000,0x00000000fa000000)
 ParOldGen       total 119296K, used 9998K [0x00000000e0000000, 0x00000000e7480000, 0x00000000f5580000)
  object space 119296K, 8% used [0x00000000e0000000,0x00000000e09c3b48,0x00000000e7480000)
 Metaspace       used 30281K, capacity 31399K, committed 31616K, reserved 1077248K
  class space    used 3914K, capacity 4184K, committed 4224K, reserved 1048576K
}

